# JRE version: Java(TM) SE Runtime Environment (8.0_11-b12) (build 1.8.0_11-b12)
# Java VM: Java HotSpot(TM) Client VM (25.11-b03 mixed mode linux-x86 )
Heap:
 def new generation   total 6144K, used 5273K [0xa4800000, 0xa4ea0000, 0xa9d50000)
  eden space 5504K,  84% used [0xa4800000, 0xa4c86548, 0xa4d60000)
  from space 640K, 100% used [0xa4e00000, 0xa4ea0000, 0xa4ea0000)
  to   space 640K,   0% used [0xa4d60000, 0xa4d60000, 0xa4e00000)
 tenured generation   total 13508K, used 10870K [0xa9d50000, 0xaaa81000, 0xb4800000)
   the space 13508K,  80% used [0xa9d50000, 0xaa7edb58, 0xaa7edc00, 0xaaa81000)
 Metaspace       used 13390K, capacity 13506K, committed 13568K, reserved 13616K
GC Heap History (10 events):
Event: 3.132 GC heap before
{Heap before GC invocations=70 (full 0):
 def new generation   total 4928K, used 4928K [0xa4800000, 0xa4d50000, 0xa9d50000)
  eden space 4416K, 100% used [0xa4800000, 0xa4c50000, 0xa4c50000)
  from space 512K, 100% used [0xa4c50000, 0xa4cd0000, 0xa4cd0000)
  to   space 512K,   0% used [0xa4cd0000, 0xa4cd0000, 0xa4d50000)
 tenured generation   total 10944K, used 6925K [0xa9d50000, 0xaa800000, 0xb4800000)
   the space 10944K,  63% used [0xa9d50000, 0xaa413490, 0xaa413600, 0xaa800000)
 Metaspace       used 11993K, capacity 12064K, committed 12184K, reserved 12592K
Event: 3.138 GC heap after
Heap after GC invocations=71 (full 0):
 def new generation   total 4928K, used 511K [0xa4800000, 0xa4d50000, 0xa9d50000)
  eden space 4416K,   0% used [0xa4800000, 0xa4800000, 0xa4c50000)
  from space 512K,  99% used [0xa4cd0000, 0xa4d4fff8, 0xa4d50000)
  to   space 512K,   0% used [0xa4c50000, 0xa4c50000, 0xa4cd0000)
 tenured generation   total 10944K, used 7965K [0xa9d50000, 0xaa800000, 0xb4800000)
   the space 10944K,  72% used [0xa9d50000, 0xaa517690, 0xaa517800, 0xaa800000)
 Metaspace       used 11993K, capacity 12064K, committed 12184K, reserved 12592K
}
Event: 3.288 GC heap before
{Heap before GC invocations=71 (full 0):
 def new generation   total 4928K, used 1767K [0xa4800000, 0xa4d50000, 0xa9d50000)
  eden space 4416K,  28% used [0xa4800000, 0xa4939d50, 0xa4c50000)
  from space 512K,  99% used [0xa4cd0000, 0xa4d4fff8, 0xa4d50000)
  to   space 512K,   0% used [0xa4c50000, 0xa4c50000, 0xa4cd0000)
 tenured generation   total 10944K, used 7965K [0xa9d50000, 0xaa800000, 0xb4800000)
   the space 10944K,  72% used [0xa9d50000, 0xaa517690, 0xaa517800, 0xaa800000)
 Metaspace       used 12190K, capacity 12229K, committed 12288K, reserved 12592K
Event: 3.327 GC heap after
Heap after GC invocations=72 (full 1):
 def new generation   total 6144K, used 0K [0xa4800000, 0xa4ea0000, 0xa9d50000)
  eden space 5504K,   0% used [0xa4800000, 0xa4800000, 0xa4d60000)
  from space 640K,   0% used [0xa4d60000, 0xa4d60000, 0xa4e00000)
  to   space 640K,   0% used [0xa4e00000, 0xa4e00000, 0xa4ea0000)
 tenured generation   total 13508K, used 8102K [0xa9d50000, 0xaaa81000, 0xb4800000)
   the space 13508K,  59% used [0xa9d50000, 0xaa5399f8, 0xaa539a00, 0xaaa81000)
 Metaspace       used 12190K, capacity 12229K, committed 12288K, reserved 12592K
}
Event: 4.882 GC heap before
{Heap before GC invocations=72 (full 1):
 def new generation   total 6144K, used 5504K [0xa4800000, 0xa4ea0000, 0xa9d50000)
  eden space 5504K, 100% used [0xa4800000, 0xa4d60000, 0xa4d60000)
  from space 640K,   0% used [0xa4d60000, 0xa4d60000, 0xa4e00000)
  to   space 640K,   0% used [0xa4e00000, 0xa4e00000, 0xa4ea0000)
 tenured generation   total 13508K, used 8102K [0xa9d50000, 0xaaa81000, 0xb4800000)
   the space 13508K,  59% used [0xa9d50000, 0xaa5399f8, 0xaa539a00, 0xaaa81000)
 Metaspace       used 12659K, capacity 12762K, committed 12800K, reserved 13616K
Event: 4.890 GC heap after
Heap after GC invocations=73 (full 1):
 def new generation   total 6144K, used 640K [0xa4800000, 0xa4ea0000, 0xa9d50000)
  eden space 5504K,   0% used [0xa4800000, 0xa4800000, 0xa4d60000)
  from space 640K, 100% used [0xa4e00000, 0xa4ea0000, 0xa4ea0000)
  to   space 640K,   0% used [0xa4d60000, 0xa4d60000, 0xa4e00000)
 tenured generation   total 13508K, used 9352K [0xa9d50000, 0xaaa81000, 0xb4800000)
   the space 13508K,  69% used [0xa9d50000, 0xaa672228, 0xaa672400, 0xaaa81000)
 Metaspace       used 12659K, capacity 12762K, committed 12800K, reserved 13616K
}
Event: 6.334 GC heap before
{Heap before GC invocations=73 (full 1):
 def new generation   total 6144K, used 6144K [0xa4800000, 0xa4ea0000, 0xa9d50000)
  eden space 5504K, 100% used [0xa4800000, 0xa4d60000, 0xa4d60000)
  from space 640K, 100% used [0xa4e00000, 0xa4ea0000, 0xa4ea0000)
  to   space 640K,   0% used [0xa4d60000, 0xa4d60000, 0xa4e00000)
 tenured generation   total 13508K, used 9352K [0xa9d50000, 0xaaa81000, 0xb4800000)
   the space 13508K,  69% used [0xa9d50000, 0xaa672228, 0xaa672400, 0xaaa81000)
 Metaspace       used 13314K, capacity 13407K, committed 13440K, reserved 13616K
Event: 6.343 GC heap after
Heap after GC invocations=74 (full 1):
 def new generation   total 6144K, used 640K [0xa4800000, 0xa4ea0000, 0xa9d50000)
  eden space 5504K,   0% used [0xa4800000, 0xa4800000, 0xa4d60000)
  from space 640K, 100% used [0xa4d60000, 0xa4e00000, 0xa4e00000)
  to   space 640K,   0% used [0xa4e00000, 0xa4e00000, 0xa4ea0000)
 tenured generation   total 13508K, used 10222K [0xa9d50000, 0xaaa81000, 0xb4800000)
   the space 13508K,  75% used [0xa9d50000, 0xaa74bb80, 0xaa74bc00, 0xaaa81000)
 Metaspace       used 13314K, capacity 13407K, committed 13440K, reserved 13616K
}
Event: 13.533 GC heap before
{Heap before GC invocations=74 (full 1):
 def new generation   total 6144K, used 6144K [0xa4800000, 0xa4ea0000, 0xa9d50000)
  eden space 5504K, 100% used [0xa4800000, 0xa4d60000, 0xa4d60000)
  from space 640K, 100% used [0xa4d60000, 0xa4e00000, 0xa4e00000)
  to   space 640K,   0% used [0xa4e00000, 0xa4e00000, 0xa4ea0000)
 tenured generation   total 13508K, used 10222K [0xa9d50000, 0xaaa81000, 0xb4800000)
   the space 13508K,  75% used [0xa9d50000, 0xaa74bb80, 0xaa74bc00, 0xaaa81000)
 Metaspace       used 13385K, capacity 13506K, committed 13568K, reserved 13616K
Event: 13.539 GC heap after
Heap after GC invocations=75 (full 1):
 def new generation   total 6144K, used 640K [0xa4800000, 0xa4ea0000, 0xa9d50000)
  eden space 5504K,   0% used [0xa4800000, 0xa4800000, 0xa4d60000)
  from space 640K, 100% used [0xa4e00000, 0xa4ea0000, 0xa4ea0000)
  to   space 640K,   0% used [0xa4d60000, 0xa4d60000, 0xa4e00000)
 tenured generation   total 13508K, used 10870K [0xa9d50000, 0xaaa81000, 0xb4800000)
   the space 13508K,  80% used [0xa9d50000, 0xaa7edb58, 0xaa7edc00, 0xaaa81000)
 Metaspace       used 13385K, capacity 13506K, committed 13568K, reserved 13616K
}

