# JRE version: Java(TM) SE Runtime Environment (8.0_11-b12) (build 1.8.0_11-b12)
# Java VM: Java HotSpot(TM) Client VM (25.11-b03 mixed mode linux-x86 )
Heap:
 def new generation   total 4928K, used 4705K [0xa4800000, 0xa4d50000, 0xa9d50000)
  eden space 4416K,  94% used [0xa4800000, 0xa4c18538, 0xa4c50000)
  from space 512K, 100% used [0xa4c50000, 0xa4cd0000, 0xa4cd0000)
  to   space 512K,   0% used [0xa4cd0000, 0xa4cd0000, 0xa4d50000)
 tenured generation   total 10944K, used 3730K [0xa9d50000, 0xaa800000, 0xb4800000)
   the space 10944K,  34% used [0xa9d50000, 0xaa0f4820, 0xaa0f4a00, 0xaa800000)
 Metaspace       used 9229K, capacity 9297K, committed 9368K, reserved 9520K
GC Heap History (10 events):
Event: 6.706 GC heap before
{Heap before GC invocations=1 (full 0):
 def new generation   total 4928K, used 4928K [0xa4800000, 0xa4d50000, 0xa9d50000)
  eden space 4416K, 100% used [0xa4800000, 0xa4c50000, 0xa4c50000)
  from space 512K, 100% used [0xa4cd0000, 0xa4d50000, 0xa4d50000)
  to   space 512K,   0% used [0xa4c50000, 0xa4c50000, 0xa4cd0000)
 tenured generation   total 10944K, used 422K [0xa9d50000, 0xaa800000, 0xb4800000)
   the space 10944K,   3% used [0xa9d50000, 0xa9db9b48, 0xa9db9c00, 0xaa800000)
 Metaspace       used 4944K, capacity 5000K, committed 5016K, reserved 5424K
Event: 6.712 GC heap after
Heap after GC invocations=2 (full 0):
 def new generation   total 4928K, used 400K [0xa4800000, 0xa4d50000, 0xa9d50000)
  eden space 4416K,   0% used [0xa4800000, 0xa4800000, 0xa4c50000)
  from space 512K,  78% used [0xa4c50000, 0xa4cb43e8, 0xa4cd0000)
  to   space 512K,   0% used [0xa4cd0000, 0xa4cd0000, 0xa4d50000)
 tenured generation   total 10944K, used 1377K [0xa9d50000, 0xaa800000, 0xb4800000)
   the space 10944K,  12% used [0xa9d50000, 0xa9ea8500, 0xa9ea8600, 0xaa800000)
 Metaspace       used 4944K, capacity 5000K, committed 5016K, reserved 5424K
}
Event: 7.150 GC heap before
{Heap before GC invocations=2 (full 0):
 def new generation   total 4928K, used 4816K [0xa4800000, 0xa4d50000, 0xa9d50000)
  eden space 4416K, 100% used [0xa4800000, 0xa4c50000, 0xa4c50000)
  from space 512K,  78% used [0xa4c50000, 0xa4cb43e8, 0xa4cd0000)
  to   space 512K,   0% used [0xa4cd0000, 0xa4cd0000, 0xa4d50000)
 tenured generation   total 10944K, used 1377K [0xa9d50000, 0xaa800000, 0xb4800000)
   the space 10944K,  12% used [0xa9d50000, 0xa9ea8500, 0xa9ea8600, 0xaa800000)
 Metaspace       used 5934K, capacity 5994K, committed 6040K, reserved 6448K
Event: 7.155 GC heap after
Heap after GC invocations=3 (full 0):
 def new generation   total 4928K, used 512K [0xa4800000, 0xa4d50000, 0xa9d50000)
  eden space 4416K,   0% used [0xa4800000, 0xa4800000, 0xa4c50000)
  from space 512K, 100% used [0xa4cd0000, 0xa4d50000, 0xa4d50000)
  to   space 512K,   0% used [0xa4c50000, 0xa4c50000, 0xa4cd0000)
 tenured generation   total 10944K, used 2198K [0xa9d50000, 0xaa800000, 0xb4800000)
   the space 10944K,  20% used [0xa9d50000, 0xa9f75a48, 0xa9f75c00, 0xaa800000)
 Metaspace       used 5934K, capacity 5994K, committed 6040K, reserved 6448K
}
Event: 7.514 GC heap before
{Heap before GC invocations=3 (full 0):
 def new generation   total 4928K, used 4928K [0xa4800000, 0xa4d50000, 0xa9d50000)
  eden space 4416K, 100% used [0xa4800000, 0xa4c50000, 0xa4c50000)
  from space 512K, 100% used [0xa4cd0000, 0xa4d50000, 0xa4d50000)
  to   space 512K,   0% used [0xa4c50000, 0xa4c50000, 0xa4cd0000)
 tenured generation   total 10944K, used 2198K [0xa9d50000, 0xaa800000, 0xb4800000)
   the space 10944K,  20% used [0xa9d50000, 0xa9f75a48, 0xa9f75c00, 0xaa800000)
 Metaspace       used 6734K, capacity 6801K, committed 6936K, reserved 7472K
Event: 7.519 GC heap after
Heap after GC invocations=4 (full 0):
 def new generation   total 4928K, used 402K [0xa4800000, 0xa4d50000, 0xa9d50000)
  eden space 4416K,   0% used [0xa4800000, 0xa4800000, 0xa4c50000)
  from space 512K,  78% used [0xa4c50000, 0xa4cb4918, 0xa4cd0000)
  to   space 512K,   0% used [0xa4cd0000, 0xa4cd0000, 0xa4d50000)
 tenured generation   total 10944K, used 2708K [0xa9d50000, 0xaa800000, 0xb4800000)
   the space 10944K,  24% used [0xa9d50000, 0xa9ff50d0, 0xa9ff5200, 0xaa800000)
 Metaspace       used 6734K, capacity 6801K, committed 6936K, reserved 7472K
}
Event: 8.332 GC heap before
{Heap before GC invocations=4 (full 0):
 def new generation   total 4928K, used 4818K [0xa4800000, 0xa4d50000, 0xa9d50000)
  eden space 4416K, 100% used [0xa4800000, 0xa4c50000, 0xa4c50000)
  from space 512K,  78% used [0xa4c50000, 0xa4cb4918, 0xa4cd0000)
  to   space 512K,   0% used [0xa4cd0000, 0xa4cd0000, 0xa4d50000)
 tenured generation   total 10944K, used 2708K [0xa9d50000, 0xaa800000, 0xb4800000)
   the space 10944K,  24% used [0xa9d50000, 0xa9ff50d0, 0xa9ff5200, 0xaa800000)
 Metaspace       used 7775K, capacity 7825K, committed 7960K, reserved 8496K
Event: 8.337 GC heap after
Heap after GC invocations=5 (full 0):
 def new generation   total 4928K, used 512K [0xa4800000, 0xa4d50000, 0xa9d50000)
  eden space 4416K,   0% used [0xa4800000, 0xa4800000, 0xa4c50000)
  from space 512K, 100% used [0xa4cd0000, 0xa4d50000, 0xa4d50000)
  to   space 512K,   0% used [0xa4c50000, 0xa4c50000, 0xa4cd0000)
 tenured generation   total 10944K, used 3138K [0xa9d50000, 0xaa800000, 0xb4800000)
   the space 10944K,  28% used [0xa9d50000, 0xaa060908, 0xaa060a00, 0xaa800000)
 Metaspace       used 7775K, capacity 7825K, committed 7960K, reserved 8496K
}
Event: 10.316 GC heap before
{Heap before GC invocations=5 (full 0):
 def new generation   total 4928K, used 4928K [0xa4800000, 0xa4d50000, 0xa9d50000)
  eden space 4416K, 100% used [0xa4800000, 0xa4c50000, 0xa4c50000)
  from space 512K, 100% used [0xa4cd0000, 0xa4d50000, 0xa4d50000)
  to   space 512K,   0% used [0xa4c50000, 0xa4c50000, 0xa4cd0000)
 tenured generation   total 10944K, used 3138K [0xa9d50000, 0xaa800000, 0xb4800000)
   the space 10944K,  28% used [0xa9d50000, 0xaa060908, 0xaa060a00, 0xaa800000)
 Metaspace       used 8843K, capacity 8913K, committed 8984K, reserved 9520K
Event: 10.324 GC heap after
Heap after GC invocations=6 (full 0):
 def new generation   total 4928K, used 512K [0xa4800000, 0xa4d50000, 0xa9d50000)
  eden space 4416K,   0% used [0xa4800000, 0xa4800000, 0xa4c50000)
  from space 512K, 100% used [0xa4c50000, 0xa4cd0000, 0xa4cd0000)
  to   space 512K,   0% used [0xa4cd0000, 0xa4cd0000, 0xa4d50000)
 tenured generation   total 10944K, used 3730K [0xa9d50000, 0xaa800000, 0xb4800000)
   the space 10944K,  34% used [0xa9d50000, 0xaa0f4820, 0xaa0f4a00, 0xaa800000)
 Metaspace       used 8843K, capacity 8913K, committed 8984K, reserved 9520K
}

